Arguments: 
  C:\Program Files\nodejs\node.exe C:\Program Files (x86)\Yarn\bin\yarn.js init

PATH: 
  C:\Program Files\PowerShell\7-preview;C:\Program Files (x86)\Common Files\Intel\Shared Libraries\redist\intel64\compiler;C:\Python38\Scripts\;C:\Python38\;C:\Windows\system32;C:\Windows;C:\Windows\System32\Wbem;C:\Windows\System32\WindowsPowerShell\v1.0\;C:\Windows\System32\OpenSSH\;C:\Program Files (x86)\NVIDIA Corporation\PhysX\Common;C:\ProgramData\chocolatey\bin;C:\Program Files (x86)\PowerShell\7-preview\preview;C:\Program Files\Java\jdk1.8.0_241;C:\Program Files\nodejs\;C:\Program Files\Git\cmd;D:\5.1;D:\5.1\clibs;C:\Program Files\PowerShell\7-preview\preview;C:\Program Files (x86)\Yarn\bin\;C:\Users\franc\AppData\Local\Microsoft\WindowsApps;D:\VS Code\Microsoft VS Code\bin;C:\Users\franc\AppData\Local\hyper\app-3.0.2\resources\bin;C:\Users\franc\AppData\Roaming\Pub\Cache\bin;C:\Users\franc\AppData\Local\GitHubDesktop\bin;D:\PyCharm Community Edition 2019.3.3\bin;C:\Users\franc\AppData\Roaming\npm;C:\Users\franc\AppData\Local\Yarn\bin

Yarn version: 
  1.22.4

Node version: 
  12.16.1

Platform: 
  win32 x64

Trace: 
  Error: canceled
      at Interface.<anonymous> (C:\Program Files (x86)\Yarn\lib\cli.js:137008:13)
      at Interface.emit (events.js:311:20)
      at Interface._ttyWrite (readline.js:893:16)
      at ReadStream.onkeypress (readline.js:198:10)
      at ReadStream.emit (events.js:311:20)
      at emitKeys (internal/readline/utils.js:438:14)
      at emitKeys.next (<anonymous>)
      at ReadStream.onData (readline.js:1160:36)
      at ReadStream.emit (events.js:311:20)
      at addChunk (_stream_readable.js:294:12)

npm manifest: 
  No manifest

yarn manifest: 
  No manifest

Lockfile: 
  No lockfile
